<?xml version='1.0'?>
<ns2:test-suite xmlns:ns2='urn:model.allure.qatools.yandex.ru' start='1546572436876' stop='1546572442148'>
    <name>Simple maths easy maths</name>
    <title>Simple maths easy maths</title>
    <test-cases>
        <test-case start='1546572436877' status='broken' stop='1546572442146'>
            <name>a variable set to 1</name>
            <title>a variable set to 1</title>
            <labels>
                <label name='feature' value='Simple maths'/>
                <label name='story' value='easy maths'/>
                <label name='language' value='javascript'/>
                <label name='framework' value='wdio'/>
                <label name='thread' value='0-0'/>
            </labels>
            <parameters>
                <parameter kind='argument' name='browser' value='chrome'/>
                <parameter kind='environment-variable' name='capabilities' value='{"maxInstances":1,"browserName":"chrome"}'/>
                <parameter kind='environment-variable' name='spec files' value='["/Users/749457/cucumberTest/features/testcucum.feature"]'/>
            </parameters>
            <steps>
                <step start='1546572436879' status='passed' stop='1546572442122'>
                    <name>POST /wd/hub/session/3725932b2af5808f7ca9066576f24a4f/url</name>
                    <title>POST /wd/hub/session/3725932b2af5808f7ca9066576f24a4f/url</title>
                    <attachments>
                        <attachment title='Request' source='8ea23bdd-35df-4b86-9b3c-3e0feb96f332-attachment.json' type='application/json' size='43'/>
                        <attachment title='Response' source='dce5824a-affb-4c0b-9c48-df94493ad18b-attachment.json' type='application/json' size='91'/>
                    </attachments>
                    <steps/>
                </step>
                <step start='1546572442124' status='passed' stop='1546572442142'>
                    <name>POST /wd/hub/session/3725932b2af5808f7ca9066576f24a4f/element</name>
                    <title>POST /wd/hub/session/3725932b2af5808f7ca9066576f24a4f/element</title>
                    <attachments>
                        <attachment title='Request' source='dc1b3b0b-f9c3-4d3d-867b-1b427d96e9aa-attachment.json' type='application/json' size='74'/>
                        <attachment title='Response' source='4aa34af0-4a0f-4d2f-9844-d75b94739222-attachment.json' type='application/json' size='135'/>
                    </attachments>
                    <steps/>
                </step>
            </steps>
            <attachments/>
            <failure>
                <message>browser.element(...).clear is not a function</message>
                <stack-trace>TypeError: browser.element(...).clear is not a function
                    at CustomWorld.&lt;anonymous> (/Users/749457/cucumberTest/features/step-definition/my_steps.js:65:56)
                    at new Promise (&lt;anonymous>)
                    at new F (/Users/749457/cucumberTest/node_modules/core-js/library/modules/_export.js:36:28)</stack-trace>
            </failure>
        </test-case>
        <test-case start='1546572442146' status='pending' stop='1546572442147'>
            <name>I increment the variable by 1</name>
            <title>I increment the variable by 1</title>
            <labels>
                <label name='feature' value='Simple maths'/>
                <label name='story' value='easy maths'/>
                <label name='language' value='javascript'/>
                <label name='framework' value='wdio'/>
                <label name='thread' value='0-0'/>
            </labels>
            <parameters>
                <parameter kind='argument' name='browser' value='chrome'/>
                <parameter kind='environment-variable' name='capabilities' value='{"maxInstances":1,"browserName":"chrome"}'/>
                <parameter kind='environment-variable' name='spec files' value='["/Users/749457/cucumberTest/features/testcucum.feature"]'/>
            </parameters>
            <steps/>
            <attachments/>
        </test-case>
        <test-case start='1546572442147' status='broken' stop='1546572442147'>
            <name>I increment thnpm instae abc</name>
            <title>I increment thnpm instae abc</title>
            <labels>
                <label name='feature' value='Simple maths'/>
                <label name='story' value='easy maths'/>
                <label name='language' value='javascript'/>
                <label name='framework' value='wdio'/>
                <label name='thread' value='0-0'/>
            </labels>
            <parameters>
                <parameter kind='argument' name='browser' value='chrome'/>
                <parameter kind='environment-variable' name='capabilities' value='{"maxInstances":1,"browserName":"chrome"}'/>
                <parameter kind='environment-variable' name='spec files' value='["/Users/749457/cucumberTest/features/testcucum.feature"]'/>
            </parameters>
            <steps/>
            <attachments/>
            <failure>
                <message>Step "I increment thnpm instae abc" is not defined. You can ignore this error by setting
                                              cucumberOpts.ignoreUndefinedDefinitions as true.</message>
                <stack-trace>undefined:undefined</stack-trace>
            </failure>
        </test-case>
        <test-case start='1546572442147' status='pending' stop='1546572442147'>
            <name>the variable should contain 2</name>
            <title>the variable should contain 2</title>
            <labels>
                <label name='feature' value='Simple maths'/>
                <label name='story' value='easy maths'/>
                <label name='language' value='javascript'/>
                <label name='framework' value='wdio'/>
                <label name='thread' value='0-0'/>
            </labels>
            <parameters>
                <parameter kind='argument' name='browser' value='chrome'/>
                <parameter kind='environment-variable' name='capabilities' value='{"maxInstances":1,"browserName":"chrome"}'/>
                <parameter kind='environment-variable' name='spec files' value='["/Users/749457/cucumberTest/features/testcucum.feature"]'/>
            </parameters>
            <steps/>
            <attachments/>
        </test-case>
    </test-cases>
</ns2:test-suite>