<?xml version='1.0'?>
<ns2:test-suite xmlns:ns2='urn:model.allure.qatools.yandex.ru' start='1546581105623' stop='1546581114119'>
    <name>Simple maths easy maths</name>
    <title>Simple maths easy maths</title>
    <test-cases>
        <test-case start='1546581105625' status='broken' stop='1546581114116'>
            <name>a variable set to 1</name>
            <title>a variable set to 1</title>
            <labels>
                <label name='feature' value='Simple maths'/>
                <label name='story' value='easy maths'/>
                <label name='language' value='javascript'/>
                <label name='framework' value='wdio'/>
                <label name='thread' value='0-0'/>
            </labels>
            <parameters>
                <parameter kind='argument' name='browser' value='chrome'/>
                <parameter kind='environment-variable' name='capabilities' value='{"maxInstances":1,"browserName":"chrome"}'/>
                <parameter kind='environment-variable' name='spec files' value='["/Users/749457/cucumberTest/features/testcucum.feature"]'/>
            </parameters>
            <steps>
                <step start='1546581105627' status='passed' stop='1546581114075'>
                    <name>POST /wd/hub/session/c035ebe334289a349bbc1d83114577ab/url</name>
                    <title>POST /wd/hub/session/c035ebe334289a349bbc1d83114577ab/url</title>
                    <attachments>
                        <attachment title='Request' source='41860dce-5137-4b68-a1e1-8458f2c5b4c5-attachment.json' type='application/json' size='43'/>
                        <attachment title='Response' source='7ef34168-fe76-4e40-add3-0f31e354822b-attachment.json' type='application/json' size='91'/>
                    </attachments>
                    <steps/>
                </step>
                <step start='1546581114077' status='passed' stop='1546581114094'>
                    <name>POST /wd/hub/session/c035ebe334289a349bbc1d83114577ab/element</name>
                    <title>POST /wd/hub/session/c035ebe334289a349bbc1d83114577ab/element</title>
                    <attachments>
                        <attachment title='Request' source='9936af49-cca5-4f88-96f3-f8d23e31c01e-attachment.json' type='application/json' size='74'/>
                        <attachment title='Response' source='6782d55a-63af-498c-a1aa-307a3ddeb968-attachment.json' type='application/json' size='137'/>
                    </attachments>
                    <steps/>
                </step>
                <step start='1546581114097' status='passed' stop='1546581114113'>
                    <name>GET /wd/hub/session/c035ebe334289a349bbc1d83114577ab/element/0.11508854290397008-1/text</name>
                    <title>GET /wd/hub/session/c035ebe334289a349bbc1d83114577ab/element/0.11508854290397008-1/text</title>
                    <attachments>
                        <attachment title='Response' source='833ecde7-b333-4f09-8332-68232681743f-attachment.json' type='application/json' size='89'/>
                    </attachments>
                    <steps/>
                </step>
            </steps>
            <attachments/>
            <failure>
                <message>fromElem.clear is not a function</message>
                <stack-trace>TypeError: fromElem.clear is not a function
                    at CustomWorld.&lt;anonymous> (/Users/749457/cucumberTest/features/step-definition/my_steps.js:67:14)
                    at new Promise (&lt;anonymous>)
                    at new F (/Users/749457/cucumberTest/node_modules/core-js/library/modules/_export.js:36:28)</stack-trace>
            </failure>
        </test-case>
        <test-case start='1546581114117' status='pending' stop='1546581114117'>
            <name>I increment the variable by 1</name>
            <title>I increment the variable by 1</title>
            <labels>
                <label name='feature' value='Simple maths'/>
                <label name='story' value='easy maths'/>
                <label name='language' value='javascript'/>
                <label name='framework' value='wdio'/>
                <label name='thread' value='0-0'/>
            </labels>
            <parameters>
                <parameter kind='argument' name='browser' value='chrome'/>
                <parameter kind='environment-variable' name='capabilities' value='{"maxInstances":1,"browserName":"chrome"}'/>
                <parameter kind='environment-variable' name='spec files' value='["/Users/749457/cucumberTest/features/testcucum.feature"]'/>
            </parameters>
            <steps/>
            <attachments/>
        </test-case>
        <test-case start='1546581114117' status='broken' stop='1546581114117'>
            <name>I increment thnpm instae abc</name>
            <title>I increment thnpm instae abc</title>
            <labels>
                <label name='feature' value='Simple maths'/>
                <label name='story' value='easy maths'/>
                <label name='language' value='javascript'/>
                <label name='framework' value='wdio'/>
                <label name='thread' value='0-0'/>
            </labels>
            <parameters>
                <parameter kind='argument' name='browser' value='chrome'/>
                <parameter kind='environment-variable' name='capabilities' value='{"maxInstances":1,"browserName":"chrome"}'/>
                <parameter kind='environment-variable' name='spec files' value='["/Users/749457/cucumberTest/features/testcucum.feature"]'/>
            </parameters>
            <steps/>
            <attachments/>
            <failure>
                <message>Step "I increment thnpm instae abc" is not defined. You can ignore this error by setting
                                              cucumberOpts.ignoreUndefinedDefinitions as true.</message>
                <stack-trace>undefined:undefined</stack-trace>
            </failure>
        </test-case>
        <test-case start='1546581114117' status='pending' stop='1546581114117'>
            <name>the variable should contain 2</name>
            <title>the variable should contain 2</title>
            <labels>
                <label name='feature' value='Simple maths'/>
                <label name='story' value='easy maths'/>
                <label name='language' value='javascript'/>
                <label name='framework' value='wdio'/>
                <label name='thread' value='0-0'/>
            </labels>
            <parameters>
                <parameter kind='argument' name='browser' value='chrome'/>
                <parameter kind='environment-variable' name='capabilities' value='{"maxInstances":1,"browserName":"chrome"}'/>
                <parameter kind='environment-variable' name='spec files' value='["/Users/749457/cucumberTest/features/testcucum.feature"]'/>
            </parameters>
            <steps/>
            <attachments/>
        </test-case>
    </test-cases>
</ns2:test-suite>