<?xml version='1.0'?>
<ns2:test-suite xmlns:ns2='urn:model.allure.qatools.yandex.ru' start='1546572533229' stop='1546572538682'>
    <name>Simple maths easy maths</name>
    <title>Simple maths easy maths</title>
    <test-cases>
        <test-case start='1546572533230' status='broken' stop='1546572538681'>
            <name>a variable set to 1</name>
            <title>a variable set to 1</title>
            <labels>
                <label name='feature' value='Simple maths'/>
                <label name='story' value='easy maths'/>
                <label name='language' value='javascript'/>
                <label name='framework' value='wdio'/>
                <label name='thread' value='0-0'/>
            </labels>
            <parameters>
                <parameter kind='argument' name='browser' value='chrome'/>
                <parameter kind='environment-variable' name='capabilities' value='{"maxInstances":1,"browserName":"chrome"}'/>
                <parameter kind='environment-variable' name='spec files' value='["/Users/749457/cucumberTest/features/testcucum.feature"]'/>
            </parameters>
            <steps>
                <step start='1546572533232' status='passed' stop='1546572538660'>
                    <name>POST /wd/hub/session/8af7329accdca182df4a3b5dce398249/url</name>
                    <title>POST /wd/hub/session/8af7329accdca182df4a3b5dce398249/url</title>
                    <attachments>
                        <attachment title='Request' source='8071b6b2-7b60-4c44-997a-0d6b202f5830-attachment.json' type='application/json' size='43'/>
                        <attachment title='Response' source='423a10ca-f730-4dbd-a8c3-0899a4f335d2-attachment.json' type='application/json' size='91'/>
                    </attachments>
                    <steps/>
                </step>
                <step start='1546572538662' status='passed' stop='1546572538678'>
                    <name>POST /wd/hub/session/8af7329accdca182df4a3b5dce398249/element</name>
                    <title>POST /wd/hub/session/8af7329accdca182df4a3b5dce398249/element</title>
                    <attachments>
                        <attachment title='Request' source='51ba317d-2553-4720-ade7-1662655c2b80-attachment.json' type='application/json' size='74'/>
                        <attachment title='Response' source='cdaa31da-f762-4413-bfc7-8ca56c76c1da-attachment.json' type='application/json' size='136'/>
                    </attachments>
                    <steps/>
                </step>
            </steps>
            <attachments/>
            <failure>
                <message>browser.element(...).clearValue is not a function</message>
                <stack-trace>TypeError: browser.element(...).clearValue is not a function
                    at CustomWorld.&lt;anonymous> (/Users/749457/cucumberTest/features/step-definition/my_steps.js:65:56)
                    at new Promise (&lt;anonymous>)
                    at new F (/Users/749457/cucumberTest/node_modules/core-js/library/modules/_export.js:36:28)</stack-trace>
            </failure>
        </test-case>
        <test-case start='1546572538682' status='pending' stop='1546572538682'>
            <name>I increment the variable by 1</name>
            <title>I increment the variable by 1</title>
            <labels>
                <label name='feature' value='Simple maths'/>
                <label name='story' value='easy maths'/>
                <label name='language' value='javascript'/>
                <label name='framework' value='wdio'/>
                <label name='thread' value='0-0'/>
            </labels>
            <parameters>
                <parameter kind='argument' name='browser' value='chrome'/>
                <parameter kind='environment-variable' name='capabilities' value='{"maxInstances":1,"browserName":"chrome"}'/>
                <parameter kind='environment-variable' name='spec files' value='["/Users/749457/cucumberTest/features/testcucum.feature"]'/>
            </parameters>
            <steps/>
            <attachments/>
        </test-case>
        <test-case start='1546572538682' status='broken' stop='1546572538682'>
            <name>I increment thnpm instae abc</name>
            <title>I increment thnpm instae abc</title>
            <labels>
                <label name='feature' value='Simple maths'/>
                <label name='story' value='easy maths'/>
                <label name='language' value='javascript'/>
                <label name='framework' value='wdio'/>
                <label name='thread' value='0-0'/>
            </labels>
            <parameters>
                <parameter kind='argument' name='browser' value='chrome'/>
                <parameter kind='environment-variable' name='capabilities' value='{"maxInstances":1,"browserName":"chrome"}'/>
                <parameter kind='environment-variable' name='spec files' value='["/Users/749457/cucumberTest/features/testcucum.feature"]'/>
            </parameters>
            <steps/>
            <attachments/>
            <failure>
                <message>Step "I increment thnpm instae abc" is not defined. You can ignore this error by setting
                                              cucumberOpts.ignoreUndefinedDefinitions as true.</message>
                <stack-trace>undefined:undefined</stack-trace>
            </failure>
        </test-case>
        <test-case start='1546572538682' status='pending' stop='1546572538682'>
            <name>the variable should contain 2</name>
            <title>the variable should contain 2</title>
            <labels>
                <label name='feature' value='Simple maths'/>
                <label name='story' value='easy maths'/>
                <label name='language' value='javascript'/>
                <label name='framework' value='wdio'/>
                <label name='thread' value='0-0'/>
            </labels>
            <parameters>
                <parameter kind='argument' name='browser' value='chrome'/>
                <parameter kind='environment-variable' name='capabilities' value='{"maxInstances":1,"browserName":"chrome"}'/>
                <parameter kind='environment-variable' name='spec files' value='["/Users/749457/cucumberTest/features/testcucum.feature"]'/>
            </parameters>
            <steps/>
            <attachments/>
        </test-case>
    </test-cases>
</ns2:test-suite>