<?xml version='1.0'?>
<ns2:test-suite xmlns:ns2='urn:model.allure.qatools.yandex.ru' start='1546581291542' stop='1546581297341'>
    <name>Simple maths easy maths</name>
    <title>Simple maths easy maths</title>
    <test-cases>
        <test-case start='1546581291543' status='broken' stop='1546581297340'>
            <name>a variable set to 1</name>
            <title>a variable set to 1</title>
            <labels>
                <label name='feature' value='Simple maths'/>
                <label name='story' value='easy maths'/>
                <label name='language' value='javascript'/>
                <label name='framework' value='wdio'/>
                <label name='thread' value='0-0'/>
            </labels>
            <parameters>
                <parameter kind='argument' name='browser' value='chrome'/>
                <parameter kind='environment-variable' name='capabilities' value='{"maxInstances":1,"browserName":"chrome"}'/>
                <parameter kind='environment-variable' name='spec files' value='["/Users/749457/cucumberTest/features/testcucum.feature"]'/>
            </parameters>
            <steps>
                <step start='1546581291545' status='passed' stop='1546581297303'>
                    <name>POST /wd/hub/session/55637d8be9bfd215fcc843ff5cf63a7e/url</name>
                    <title>POST /wd/hub/session/55637d8be9bfd215fcc843ff5cf63a7e/url</title>
                    <attachments>
                        <attachment title='Request' source='22f02401-aa6f-4bd9-a49d-c20bbf7126b5-attachment.json' type='application/json' size='43'/>
                        <attachment title='Response' source='41c8242c-a44b-4b18-9a58-835715869c46-attachment.json' type='application/json' size='91'/>
                    </attachments>
                    <steps/>
                </step>
                <step start='1546581297305' status='passed' stop='1546581297336'>
                    <name>POST /wd/hub/session/55637d8be9bfd215fcc843ff5cf63a7e/element</name>
                    <title>POST /wd/hub/session/55637d8be9bfd215fcc843ff5cf63a7e/element</title>
                    <attachments>
                        <attachment title='Request' source='f468e2e0-adb5-48da-af34-b4385e25b223-attachment.json' type='application/json' size='74'/>
                        <attachment title='Response' source='22942309-3967-4cb1-bc8d-9e383fcec602-attachment.json' type='application/json' size='136'/>
                    </attachments>
                    <steps/>
                </step>
            </steps>
            <attachments/>
            <failure>
                <message>fromElem.clear is not a function</message>
                <stack-trace>TypeError: fromElem.clear is not a function
                    at CustomWorld.&lt;anonymous> (/Users/749457/cucumberTest/features/step-definition/my_steps.js:67:14)
                    at new Promise (&lt;anonymous>)
                    at new F (/Users/749457/cucumberTest/node_modules/core-js/library/modules/_export.js:36:28)</stack-trace>
            </failure>
        </test-case>
        <test-case start='1546581297340' status='pending' stop='1546581297340'>
            <name>I increment the variable by 1</name>
            <title>I increment the variable by 1</title>
            <labels>
                <label name='feature' value='Simple maths'/>
                <label name='story' value='easy maths'/>
                <label name='language' value='javascript'/>
                <label name='framework' value='wdio'/>
                <label name='thread' value='0-0'/>
            </labels>
            <parameters>
                <parameter kind='argument' name='browser' value='chrome'/>
                <parameter kind='environment-variable' name='capabilities' value='{"maxInstances":1,"browserName":"chrome"}'/>
                <parameter kind='environment-variable' name='spec files' value='["/Users/749457/cucumberTest/features/testcucum.feature"]'/>
            </parameters>
            <steps/>
            <attachments/>
        </test-case>
        <test-case start='1546581297341' status='broken' stop='1546581297341'>
            <name>I increment thnpm instae abc</name>
            <title>I increment thnpm instae abc</title>
            <labels>
                <label name='feature' value='Simple maths'/>
                <label name='story' value='easy maths'/>
                <label name='language' value='javascript'/>
                <label name='framework' value='wdio'/>
                <label name='thread' value='0-0'/>
            </labels>
            <parameters>
                <parameter kind='argument' name='browser' value='chrome'/>
                <parameter kind='environment-variable' name='capabilities' value='{"maxInstances":1,"browserName":"chrome"}'/>
                <parameter kind='environment-variable' name='spec files' value='["/Users/749457/cucumberTest/features/testcucum.feature"]'/>
            </parameters>
            <steps/>
            <attachments/>
            <failure>
                <message>Step "I increment thnpm instae abc" is not defined. You can ignore this error by setting
                                              cucumberOpts.ignoreUndefinedDefinitions as true.</message>
                <stack-trace>undefined:undefined</stack-trace>
            </failure>
        </test-case>
        <test-case start='1546581297341' status='pending' stop='1546581297341'>
            <name>the variable should contain 2</name>
            <title>the variable should contain 2</title>
            <labels>
                <label name='feature' value='Simple maths'/>
                <label name='story' value='easy maths'/>
                <label name='language' value='javascript'/>
                <label name='framework' value='wdio'/>
                <label name='thread' value='0-0'/>
            </labels>
            <parameters>
                <parameter kind='argument' name='browser' value='chrome'/>
                <parameter kind='environment-variable' name='capabilities' value='{"maxInstances":1,"browserName":"chrome"}'/>
                <parameter kind='environment-variable' name='spec files' value='["/Users/749457/cucumberTest/features/testcucum.feature"]'/>
            </parameters>
            <steps/>
            <attachments/>
        </test-case>
    </test-cases>
</ns2:test-suite>